<?xml version="1.0" encoding="UTF-8"?>
<!-- Generated by org.testng.reporters.JUnitReportReporter -->
<testsuite hostname="DESKTOP-M3F6S8G" name="com.JsonDataFeed.Test01" tests="1" failures="0" timestamp="27 Jun 2021 06:16:05 GMT" time="7.330" errors="0">
  <testcase name="addUser" time="7.330" classname="com.JsonDataFeed.Test01"/>
</testsuite> <!-- com.JsonDataFeed.Test01 -->
