<?xml version="1.0" encoding="UTF-8"?>
<!-- Generated by org.testng.reporters.JUnitReportReporter -->
<testsuite hostname="DESKTOP-M3F6S8G" name="com.JsonDataFeed.Payloads" tests="1" failures="0" timestamp="27 Jun 2021 05:31:31 GMT" time="8.813" errors="0">
  <testcase name="getUSer" time="8.813" classname="com.JsonDataFeed.Payloads"/>
</testsuite> <!-- com.JsonDataFeed.Payloads -->
