<?xml version="1.0" encoding="UTF-8"?>
<!-- Generated by org.testng.reporters.JUnitReportReporter -->
<testsuite hostname="DESKTOP-M3F6S8G" name="com.testcases.Test01" tests="1" failures="0" timestamp="27 Jun 2021 08:02:13 GMT" time="9.723" errors="0">
  <testcase name="getUSer" time="9.723" classname="com.testcases.Test01"/>
</testsuite> <!-- com.testcases.Test01 -->
