<?xml version="1.0" encoding="UTF-8"?>
<!-- Generated by org.testng.reporters.JUnitReportReporter -->
<testsuite hostname="DESKTOP-M3F6S8G" name="com.testcases.Test02" tests="1" failures="0" timestamp="27 Jun 2021 09:16:42 GMT" time="13.863" errors="0">
  <testcase name="addUser" time="13.863" classname="com.testcases.Test02"/>
</testsuite> <!-- com.testcases.Test02 -->
